<?xml version="1.0" encoding="UTF-8"?>
<!-- Generated by org.testng.reporters.JUnitReportReporter -->
<testsuite hostname="DESKTOP-97QBMDF" failures="0" tests="1" name="OrangeCRMTest.LoginTest3" time="4.244" errors="0" timestamp="26 Nov 2021 22:53:43 GMT" skipped="0">
  <testcase classname="OrangeCRMTest.LoginTest3" name="loginTest" time="4.244"/>
</testsuite> <!-- OrangeCRMTest.LoginTest3 -->
