<?xml version="1.0" encoding="UTF-8"?>
<!-- Generated by org.testng.reporters.JUnitReportReporter -->
<testsuite hostname="DESKTOP-97QBMDF" failures="0" tests="2" name="OrangeCRMTest.LoginTest" time="12.210" errors="0" timestamp="27 Nov 2021 09:11:05 GMT" skipped="0">
  <testcase classname="OrangeCRMTest.LoginTest" name="LoginTest" time="11.782"/>
  <testcase classname="OrangeCRMTest.LoginTest" name="homePageTest" time="0.428"/>
</testsuite> <!-- OrangeCRMTest.LoginTest -->
