<?xml version="1.0" encoding="UTF-8"?>
<!-- Generated by org.testng.reporters.JUnitReportReporter -->
<testsuite hostname="DESKTOP-97QBMDF" failures="0" tests="1" name="OrangeCRMTest.LoginTest" time="13.337" errors="0" timestamp="26 Nov 2021 20:32:06 GMT" skipped="0">
  <testcase classname="OrangeCRMTest.LoginTest" name="LoginTest" time="13.337"/>
</testsuite> <!-- OrangeCRMTest.LoginTest -->
